<?xml version="1.0" encoding="UTF-8"?>
<testng-results skipped="0" failed="0" total="1" passed="1">
  <reporter-output>
  </reporter-output>
  <suite name="Default suite" duration-ms="26027" started-at="2019-11-22T06:32:22Z" finished-at="2019-11-22T06:32:48Z">
    <groups>
    </groups>
    <test name="Default test" duration-ms="26027" started-at="2019-11-22T06:32:22Z" finished-at="2019-11-22T06:32:48Z">
      <class name="com.testng.share">
        <test-method status="PASS" signature="demoFunction()[pri:0, instance:com.testng.share@3fee9989]" name="demoFunction" duration-ms="25981" started-at="2019-11-22T12:02:22Z" finished-at="2019-11-22T12:02:48Z">
          <reporter-output>
          </reporter-output>
        </test-method> <!-- demoFunction -->
      </class> <!-- com.testng.share -->
    </test> <!-- Default test -->
  </suite> <!-- Default suite -->
</testng-results>
